Determining if the pthread_create exist failed with the following output:
Change Dir: /root/pilight/build/CMakeFiles/CMakeTmp

Run Build Command:"/usr/bin/make" "cmTC_b07bd/fast"
/usr/bin/make -f CMakeFiles/cmTC_b07bd.dir/build.make CMakeFiles/cmTC_b07bd.dir/build
make[1]: Entering directory '/root/pilight/build/CMakeFiles/CMakeTmp'
Building C object CMakeFiles/cmTC_b07bd.dir/CheckSymbolExists.c.o
/usr/bin/cc    -Wall -O2    -o CMakeFiles/cmTC_b07bd.dir/CheckSymbolExists.c.o   -c /root/pilight/build/CMakeFiles/CMakeTmp/CheckSymbolExists.c
Linking C executable cmTC_b07bd
/usr/bin/cmake -E cmake_link_script CMakeFiles/cmTC_b07bd.dir/link.txt --verbose=1
/usr/bin/cc   -Wall -O2     CMakeFiles/cmTC_b07bd.dir/CheckSymbolExists.c.o  -o cmTC_b07bd -rdynamic 
CMakeFiles/cmTC_b07bd.dir/CheckSymbolExists.c.o: In function `main':
CheckSymbolExists.c:(.text.startup+0xc): undefined reference to `pthread_create'
collect2: error: ld returned 1 exit status
CMakeFiles/cmTC_b07bd.dir/build.make:97: recipe for target 'cmTC_b07bd' failed
make[1]: *** [cmTC_b07bd] Error 1
make[1]: Leaving directory '/root/pilight/build/CMakeFiles/CMakeTmp'
Makefile:126: recipe for target 'cmTC_b07bd/fast' failed
make: *** [cmTC_b07bd/fast] Error 2

File /root/pilight/build/CMakeFiles/CMakeTmp/CheckSymbolExists.c:
/* */
#include <pthread.h>

int main(int argc, char** argv)
{
  (void)argv;
#ifndef pthread_create
  return ((int*)(&pthread_create))[argc];
#else
  (void)argc;
  return 0;
#endif
}

Determining if the function pthread_create exists in the pthreads failed with the following output:
Change Dir: /root/pilight/build/CMakeFiles/CMakeTmp

Run Build Command:"/usr/bin/make" "cmTC_dce76/fast"
/usr/bin/make -f CMakeFiles/cmTC_dce76.dir/build.make CMakeFiles/cmTC_dce76.dir/build
make[1]: Entering directory '/root/pilight/build/CMakeFiles/CMakeTmp'
Building C object CMakeFiles/cmTC_dce76.dir/CheckFunctionExists.c.o
/usr/bin/cc    -Wall -O2 -DCHECK_FUNCTION_EXISTS=pthread_create   -o CMakeFiles/cmTC_dce76.dir/CheckFunctionExists.c.o   -c /usr/share/cmake-3.6/Modules/CheckFunctionExists.c
Linking C executable cmTC_dce76
/usr/bin/cmake -E cmake_link_script CMakeFiles/cmTC_dce76.dir/link.txt --verbose=1
/usr/bin/cc   -Wall -O2 -DCHECK_FUNCTION_EXISTS=pthread_create    CMakeFiles/cmTC_dce76.dir/CheckFunctionExists.c.o  -o cmTC_dce76 -rdynamic -lpthreads 
/usr/bin/ld: cannot find -lpthreads
collect2: error: ld returned 1 exit status
CMakeFiles/cmTC_dce76.dir/build.make:97: recipe for target 'cmTC_dce76' failed
make[1]: *** [cmTC_dce76] Error 1
make[1]: Leaving directory '/root/pilight/build/CMakeFiles/CMakeTmp'
Makefile:126: recipe for target 'cmTC_dce76/fast' failed
make: *** [cmTC_dce76/fast] Error 2


Determining if the pthread_create exist failed with the following output:
Change Dir: /root/pilight/build/CMakeFiles/CMakeTmp

Run Build Command:"/usr/bin/make" "cmTC_3203b/fast"
/usr/bin/make -f CMakeFiles/cmTC_3203b.dir/build.make CMakeFiles/cmTC_3203b.dir/build
make[1]: Entering directory '/root/pilight/build/CMakeFiles/CMakeTmp'
Building C object CMakeFiles/cmTC_3203b.dir/CheckSymbolExists.c.o
/usr/bin/cc    -Wall -O2    -o CMakeFiles/cmTC_3203b.dir/CheckSymbolExists.c.o   -c /root/pilight/build/CMakeFiles/CMakeTmp/CheckSymbolExists.c
Linking C executable cmTC_3203b
/usr/bin/cmake -E cmake_link_script CMakeFiles/cmTC_3203b.dir/link.txt --verbose=1
/usr/bin/cc   -Wall -O2     CMakeFiles/cmTC_3203b.dir/CheckSymbolExists.c.o  -o cmTC_3203b -rdynamic 
CMakeFiles/cmTC_3203b.dir/CheckSymbolExists.c.o: In function `main':
CheckSymbolExists.c:(.text.startup+0xc): undefined reference to `pthread_create'
collect2: error: ld returned 1 exit status
CMakeFiles/cmTC_3203b.dir/build.make:97: recipe for target 'cmTC_3203b' failed
make[1]: *** [cmTC_3203b] Error 1
make[1]: Leaving directory '/root/pilight/build/CMakeFiles/CMakeTmp'
Makefile:126: recipe for target 'cmTC_3203b/fast' failed
make: *** [cmTC_3203b/fast] Error 2

File /root/pilight/build/CMakeFiles/CMakeTmp/CheckSymbolExists.c:
/* */
#include <pthread.h>

int main(int argc, char** argv)
{
  (void)argv;
#ifndef pthread_create
  return ((int*)(&pthread_create))[argc];
#else
  (void)argc;
  return 0;
#endif
}

Determining if the function pthread_create exists in the pthreads failed with the following output:
Change Dir: /root/pilight/build/CMakeFiles/CMakeTmp

Run Build Command:"/usr/bin/make" "cmTC_faa99/fast"
/usr/bin/make -f CMakeFiles/cmTC_faa99.dir/build.make CMakeFiles/cmTC_faa99.dir/build
make[1]: Entering directory '/root/pilight/build/CMakeFiles/CMakeTmp'
Building C object CMakeFiles/cmTC_faa99.dir/CheckFunctionExists.c.o
/usr/bin/cc    -Wall -O2 -DCHECK_FUNCTION_EXISTS=pthread_create   -o CMakeFiles/cmTC_faa99.dir/CheckFunctionExists.c.o   -c /usr/share/cmake-3.6/Modules/CheckFunctionExists.c
Linking C executable cmTC_faa99
/usr/bin/cmake -E cmake_link_script CMakeFiles/cmTC_faa99.dir/link.txt --verbose=1
/usr/bin/cc   -Wall -O2 -DCHECK_FUNCTION_EXISTS=pthread_create    CMakeFiles/cmTC_faa99.dir/CheckFunctionExists.c.o  -o cmTC_faa99 -rdynamic -lpthreads 
/usr/bin/ld: cannot find -lpthreads
collect2: error: ld returned 1 exit status
CMakeFiles/cmTC_faa99.dir/build.make:97: recipe for target 'cmTC_faa99' failed
make[1]: *** [cmTC_faa99] Error 1
make[1]: Leaving directory '/root/pilight/build/CMakeFiles/CMakeTmp'
Makefile:126: recipe for target 'cmTC_faa99/fast' failed
make: *** [cmTC_faa99/fast] Error 2


